<?xml version="1.0" encoding="UTF-8"?>
<testng-results ignored="0" total="1" passed="1" failed="0" skipped="0">
  <reporter-output>
  </reporter-output>
  <suite started-at="2023-09-17T13:28:46 IST" name="Default suite" finished-at="2023-09-17T13:28:47 IST" duration-ms="1395">
    <groups>
    </groups>
    <test started-at="2023-09-17T13:28:46 IST" name="Default test" finished-at="2023-09-17T13:28:47 IST" duration-ms="1395">
      <class name="Basics.REST_ASSIGNMENT2">
        <test-method signature="fetchdatafromJson()[pri:0, instance:Basics.REST_ASSIGNMENT2@4d5b6aac]" started-at="2023-09-17T13:28:46 IST" name="fetchdatafromJson" finished-at="2023-09-17T13:28:47 IST" duration-ms="1356" status="PASS">
          <reporter-output>
          </reporter-output>
        </test-method> <!-- fetchdatafromJson -->
      </class> <!-- Basics.REST_ASSIGNMENT2 -->
    </test> <!-- Default test -->
  </suite> <!-- Default suite -->
</testng-results>
